<?xml version="1.0" encoding="UTF-8"?>
<!-- Generated by org.testng.reporters.JUnitXMLReporter -->
<testsuite ignored="16" hostname="MS056" failures="1" tests="1" name="Default test" time="15.419" errors="0" timestamp="2023-07-26T17:23:57 IST">
  <testcase classname="testCase.UserAdminCreateShipmentPageTest" name="verifyToCreateShipmentForDHLPacketNational" time="10.959">
    <failure type="org.openqa.selenium.NoSuchElementException" message="Unable to locate element: //table[@class=&amp;apos;content-table &amp;apos;]//tbody//tr[1]//td[2]
For documentation on this error, please visit: https://selenium.dev/exceptions/#no_such_element
Build info: version: &amp;apos;4.5.0&amp;apos;, revision: &amp;apos;fe167b119a&amp;apos;
System info: os.name: &amp;apos;Windows 11&amp;apos;, os.arch: &amp;apos;amd64&amp;apos;, os.version: &amp;apos;10.0&amp;apos;, java.version: &amp;apos;17.0.7&amp;apos;
Driver info: org.openqa.selenium.firefox.FirefoxDriver
Command: [aaa58937-982a-419b-bfa0-553dd191090f, findElement {using=xpath, value=//table[@class=&amp;apos;content-table &amp;apos;]//tbody//tr[1]//td[2]}]
Capabilities {acceptInsecureCerts: true, browserName: firefox, browserVersion: 115.0.2, moz:accessibilityChecks: false, moz:buildID: 20230710165010, moz:debuggerAddress: 127.0.0.1:49284, moz:geckodriverVersion: 0.33.0, moz:headless: false, moz:platformVersion: 10.0, moz:processID: 7940, moz:profile: C:\Users\ASWANI~1.JAY\AppDa..., moz:shutdownTimeout: 60000, moz:useNonSpecCompliantPointerOrigin: false, moz:webdriverClick: true, moz:windowless: false, pageLoadStrategy: normal, platformName: WINDOWS, proxy: Proxy(), se:cdp: ws://127.0.0.1:49284/devtoo..., se:cdpVersion: 85.0, setWindowRect: true, strictFileInteractability: false, timeouts: {implicit: 0, pageLoad: 300000, script: 30000}, unhandledPromptBehavior: dismiss and notify}
Session ID: aaa58937-982a-419b-bfa0-553dd191090f">
      <![CDATA[org.openqa.selenium.NoSuchElementException: Unable to locate element: //table[@class='content-table ']//tbody//tr[1]//td[2]
For documentation on this error, please visit: https://selenium.dev/exceptions/#no_such_element
Build info: version: '4.5.0', revision: 'fe167b119a'
System info: os.name: 'Windows 11', os.arch: 'amd64', os.version: '10.0', java.version: '17.0.7'
Driver info: org.openqa.selenium.firefox.FirefoxDriver
Command: [aaa58937-982a-419b-bfa0-553dd191090f, findElement {using=xpath, value=//table[@class='content-table ']//tbody//tr[1]//td[2]}]
Capabilities {acceptInsecureCerts: true, browserName: firefox, browserVersion: 115.0.2, moz:accessibilityChecks: false, moz:buildID: 20230710165010, moz:debuggerAddress: 127.0.0.1:49284, moz:geckodriverVersion: 0.33.0, moz:headless: false, moz:platformVersion: 10.0, moz:processID: 7940, moz:profile: C:\Users\ASWANI~1.JAY\AppDa..., moz:shutdownTimeout: 60000, moz:useNonSpecCompliantPointerOrigin: false, moz:webdriverClick: true, moz:windowless: false, pageLoadStrategy: normal, platformName: WINDOWS, proxy: Proxy(), se:cdp: ws://127.0.0.1:49284/devtoo..., se:cdpVersion: 85.0, setWindowRect: true, strictFileInteractability: false, timeouts: {implicit: 0, pageLoad: 300000, script: 30000}, unhandledPromptBehavior: dismiss and notify}
Session ID: aaa58937-982a-419b-bfa0-553dd191090f
at java.base/jdk.internal.reflect.NativeConstructorAccessorImpl.newInstance0(Native Method)
at java.base/jdk.internal.reflect.NativeConstructorAccessorImpl.newInstance(NativeConstructorAccessorImpl.java:77)
at java.base/jdk.internal.reflect.DelegatingConstructorAccessorImpl.newInstance(DelegatingConstructorAccessorImpl.java:45)
at java.base/java.lang.reflect.Constructor.newInstanceWithCaller(Constructor.java:499)
at java.base/java.lang.reflect.Constructor.newInstance(Constructor.java:480)
at org.openqa.selenium.remote.codec.w3c.W3CHttpResponseCodec.createException(W3CHttpResponseCodec.java:200)
at org.openqa.selenium.remote.codec.w3c.W3CHttpResponseCodec.decode(W3CHttpResponseCodec.java:133)
at org.openqa.selenium.remote.codec.w3c.W3CHttpResponseCodec.decode(W3CHttpResponseCodec.java:53)
at org.openqa.selenium.remote.HttpCommandExecutor.execute(HttpCommandExecutor.java:184)
at org.openqa.selenium.remote.service.DriverCommandExecutor.invokeExecute(DriverCommandExecutor.java:167)
at org.openqa.selenium.remote.service.DriverCommandExecutor.execute(DriverCommandExecutor.java:142)
at org.openqa.selenium.remote.RemoteWebDriver.execute(RemoteWebDriver.java:547)
at org.openqa.selenium.remote.ElementLocation$ElementFinder$2.findElement(ElementLocation.java:162)
at org.openqa.selenium.remote.ElementLocation.findElement(ElementLocation.java:60)
at org.openqa.selenium.remote.RemoteWebDriver.findElement(RemoteWebDriver.java:365)
at org.openqa.selenium.remote.RemoteWebDriver.findElement(RemoteWebDriver.java:357)
at elementRepository.UserAdminCreateShipmentPage.getTableElementTextOfShipmentOverView(UserAdminCreateShipmentPage.java:323)
at testCase.UserAdminCreateShipmentPageTest.verifyToCreateShipmentForDHLPacketNational(UserAdminCreateShipmentPageTest.java:42)
at java.base/jdk.internal.reflect.NativeMethodAccessorImpl.invoke0(Native Method)
at java.base/jdk.internal.reflect.NativeMethodAccessorImpl.invoke(NativeMethodAccessorImpl.java:77)
at java.base/jdk.internal.reflect.DelegatingMethodAccessorImpl.invoke(DelegatingMethodAccessorImpl.java:43)
at java.base/java.lang.reflect.Method.invoke(Method.java:568)
at org.testng.internal.invokers.MethodInvocationHelper.invokeMethod(MethodInvocationHelper.java:139)
at org.testng.internal.invokers.TestInvoker.invokeMethod(TestInvoker.java:677)
at org.testng.internal.invokers.TestInvoker.invokeTestMethod(TestInvoker.java:221)
at org.testng.internal.invokers.MethodRunner.runInSequence(MethodRunner.java:50)
at org.testng.internal.invokers.TestInvoker$MethodInvocationAgent.invoke(TestInvoker.java:962)
at org.testng.internal.invokers.TestInvoker.invokeTestMethods(TestInvoker.java:194)
at org.testng.internal.invokers.TestMethodWorker.invokeTestMethods(TestMethodWorker.java:148)
at org.testng.internal.invokers.TestMethodWorker.run(TestMethodWorker.java:128)
at java.base/java.util.ArrayList.forEach(ArrayList.java:1511)
at org.testng.TestRunner.privateRun(TestRunner.java:806)
at org.testng.TestRunner.run(TestRunner.java:601)
at org.testng.SuiteRunner.runTest(SuiteRunner.java:433)
at org.testng.SuiteRunner.runSequentially(SuiteRunner.java:427)
at org.testng.SuiteRunner.privateRun(SuiteRunner.java:387)
at org.testng.SuiteRunner.run(SuiteRunner.java:330)
at org.testng.SuiteRunnerWorker.runSuite(SuiteRunnerWorker.java:52)
at org.testng.SuiteRunnerWorker.run(SuiteRunnerWorker.java:95)
at org.testng.TestNG.runSuitesSequentially(TestNG.java:1256)
at org.testng.TestNG.runSuitesLocally(TestNG.java:1176)
at org.testng.TestNG.runSuites(TestNG.java:1099)
at org.testng.TestNG.run(TestNG.java:1067)
at org.testng.remote.AbstractRemoteTestNG.run(AbstractRemoteTestNG.java:115)
at org.testng.remote.RemoteTestNG.initAndRun(RemoteTestNG.java:251)
at org.testng.remote.RemoteTestNG.main(RemoteTestNG.java:77)
]]>
    </failure>
  </testcase> <!-- verifyToCreateShipmentForDHLPacketNational -->
  <testcase classname="testCase.UserAdminCreateShipmentPageTest" name="verifyToCreateShipmentForDHLExpressEuropeExpressWorldWideCreate2Artikel_TC55807" time="0.0">
    <ignored/>
  </testcase> <!-- verifyToCreateShipmentForDHLExpressEuropeExpressWorldWideCreate2Artikel_TC55807 -->
  <testcase classname="testCase.UserAdminCreateShipmentPageTest" name="verifyToCreateShipmentForGLSWorldWideCreate2Artikel_TC55908" time="0.0">
    <ignored/>
  </testcase> <!-- verifyToCreateShipmentForGLSWorldWideCreate2Artikel_TC55908 -->
  <testcase classname="testCase.UserAdminCreateShipmentPageTest" name="verifyToCreateShipmentForDHLPacketNationalFromAddressBook" time="0.0">
    <ignored/>
  </testcase> <!-- verifyToCreateShipmentForDHLPacketNationalFromAddressBook -->
  <testcase classname="testCase.UserAdminCreateShipmentPageTest" name="verifyToCreateShipmentForDHLPacketEuropeB2B_TC55691" time="0.0">
    <ignored/>
  </testcase> <!-- verifyToCreateShipmentForDHLPacketEuropeB2B_TC55691 -->
  <testcase classname="testCase.UserAdminCreateShipmentPageTest" name="verifyToCreateShipmentForDPDNationalCreate2Artikel_TC55945" time="0.0">
    <ignored/>
  </testcase> <!-- verifyToCreateShipmentForDPDNationalCreate2Artikel_TC55945 -->
  <testcase classname="testCase.UserAdminCreateShipmentPageTest" name="verifyToCreateShipmentForDHLPacketNationalCreate2Artikel" time="0.0">
    <ignored/>
  </testcase> <!-- verifyToCreateShipmentForDHLPacketNationalCreate2Artikel -->
  <testcase classname="testCase.UserAdminCreateShipmentPageTest" name="verifyToCreateShipmentForFedExWorldWideCreate2Artikel_TC55898" time="0.0">
    <ignored/>
  </testcase> <!-- verifyToCreateShipmentForFedExWorldWideCreate2Artikel_TC55898 -->
  <testcase classname="testCase.UserAdminCreateShipmentPageTest" name="verifyToCreateShipmentForGLSNationalCreate2Artikel_TC55906" time="0.0">
    <ignored/>
  </testcase> <!-- verifyToCreateShipmentForGLSNationalCreate2Artikel_TC55906 -->
  <testcase classname="testCase.UserAdminCreateShipmentPageTest" name="verifyToCreateShipmentForDHLInternationalExpressWorldWideCreate2Artikel_TC55808" time="0.0">
    <ignored/>
  </testcase> <!-- verifyToCreateShipmentForDHLInternationalExpressWorldWideCreate2Artikel_TC55808 -->
  <testcase classname="testCase.UserAdminCreateShipmentPageTest" name="verifyToCreateShipmentForFedExEuropeCreate2Artikel_TC55897" time="0.0">
    <ignored/>
  </testcase> <!-- verifyToCreateShipmentForFedExEuropeCreate2Artikel_TC55897 -->
  <testcase classname="testCase.UserAdminCreateShipmentPageTest" name="verifyToCreateShipmentForDHLExpressNationalCreate2Artikel_TC55806" time="0.0">
    <ignored/>
  </testcase> <!-- verifyToCreateShipmentForDHLExpressNationalCreate2Artikel_TC55806 -->
  <testcase classname="testCase.UserAdminCreateShipmentPageTest" name="verifyToCreateShipmentForFedExNationalCreate2Artikel_TC55896" time="0.0">
    <ignored/>
  </testcase> <!-- verifyToCreateShipmentForFedExNationalCreate2Artikel_TC55896 -->
  <testcase classname="testCase.UserAdminCreateShipmentPageTest" name="verifyToCreateShipmentForDPDEuropeCreate2Artikel_TC55946" time="0.0">
    <ignored/>
  </testcase> <!-- verifyToCreateShipmentForDPDEuropeCreate2Artikel_TC55946 -->
  <testcase classname="testCase.UserAdminCreateShipmentPageTest" name="verifyToCreateShipmentForDHLPacketInternational_TC55790" time="0.0">
    <ignored/>
  </testcase> <!-- verifyToCreateShipmentForDHLPacketInternational_TC55790 -->
  <testcase classname="testCase.UserAdminCreateShipmentPageTest" name="verifyToCreateShipmentForDPDWorldWideCreate2Artikel_TC55947" time="0.0">
    <ignored/>
  </testcase> <!-- verifyToCreateShipmentForDPDWorldWideCreate2Artikel_TC55947 -->
  <testcase classname="testCase.UserAdminCreateShipmentPageTest" name="verifyToCreateShipmentForGLSEuropeCreate2Artikel_TC55907" time="0.0">
    <ignored/>
  </testcase> <!-- verifyToCreateShipmentForGLSEuropeCreate2Artikel_TC55907 -->
</testsuite> <!-- Default test -->
